mem2.bash 81346

MiB Mem : 1817.2 total, 1642.3 free, 109.0 used, 65.8 buff/cache
MiB Swap: 820.0 total, 732.0 free, 88.0 used. 1594.2 avail Mem
81346 81349 943 81370 81366
81346 user 20 0 237696 18240 2912 R 40.0 1.0 0:00.37 mem2.bash

MiB Mem : 1817.2 total, 1579.8 free, 171.5 used, 65.9 buff/cache
MiB Swap: 820.0 total, 732.0 free, 88.0 used. 1532.8 avail Mem
81346 81349 943 81395 81400
81346 user 20 0 268584 49128 2912 R 31.2 2.6 0:01.11 mem2.bash

MiB Mem : 1817.2 total, 1520.2 free, 231.1 used, 65.9 buff/cache
MiB Swap: 820.0 total, 732.0 free, 88.0 used. 1471.3 avail Mem
81346 81349 943 81431 81426
81346 user 20 0 300924 81336 2912 R 46.7 4.4 0:01.86 mem2.bash

MiB Mem : 1817.2 total, 1457.9 free, 293.4 used, 65.9 buff/cache
MiB Swap: 820.0 total, 732.0 free, 88.0 used. 1409.2 avail Mem
81346 81349 943 81456 81461
81346 user 20 0 332472 113016 2912 R 27.8 6.1 0:02.60 mem2.bash

MiB Mem : 1817.2 total, 1389.4 free, 361.8 used, 65.9 buff/cache
MiB Swap: 820.0 total, 732.0 free, 88.0 used. 1341.2 avail Mem
81346 81349 943 81486 81491
81346 user 20 0 367716 148128 2912 R 30.0 8.0 0:03.37 mem2.bash

MiB Mem : 1817.2 total, 1322.5 free, 428.8 used, 65.9 buff/cache
MiB Swap: 820.0 total, 732.0 free, 88.0 used. 1274.2 avail Mem
81346 81349 943 81516 81521
81346 user 20 0 400716 181128 2912 R 29.4 9.7 0:04.11 mem2.bash

MiB Mem : 1817.2 total, 1261.8 free, 489.4 used, 65.9 buff/cache
MiB Swap: 820.0 total, 732.0 free, 88.0 used. 1210.9 avail Mem
81346 81349 943 81544 81548
81346 user 20 0 435828 216504 2912 R 38.9 11.6 0:04.89 mem2.bash

MiB Mem : 1817.2 total, 1190.9 free, 560.4 used, 65.9 buff/cache
MiB Swap: 820.0 total, 732.0 free, 88.0 used. 1141.6 avail Mem
81346 81349 943 81576 1
81346 user 20 0 470544 251088 2912 R 31.2 13.5 0:05.65 mem2.bash

MiB Mem : 1817.2 total, 1120.9 free, 630.4 used, 65.9 buff/cache
MiB Swap: 820.0 total, 732.0 free, 88.0 used. 1072.8 avail Mem
81346 81349 943 81608 81604
81346 user 20 0 505524 286200 2912 R 38.1 15.4 0:06.46 mem2.bash

MiB Mem : 1817.2 total, 1055.0 free, 696.3 used, 65.9 buff/cache
MiB Swap: 820.0 total, 732.0 free, 88.0 used. 1005.0 avail Mem
81346 81349 943 81634 81638
81346 user 20 0 540240 320784 2912 R 43.8 17.2 0:07.24 mem2.bash

MiB Mem : 1817.2 total, 986.3 free, 765.0 used, 65.9 buff/cache
MiB Swap: 820.0 total, 732.0 free, 88.0 used. 936.7 avail Mem
81346 81349 943 81663 81668
81346 user 20 0 573108 353520 2912 R 31.2 19.0 0:07.99 mem2.bash

MiB Mem : 1817.2 total, 920.4 free, 830.9 used, 65.9 buff/cache
MiB Swap: 820.0 total, 732.0 free, 88.0 used. 868.6 avail Mem
81349 81346 943 81698 81694
81346 user 20 0 608220 388632 2912 R 31.6 20.9 0:08.79 mem2.bash

MiB Mem : 1817.2 total, 849.5 free, 901.8 used, 65.9 buff/cache
MiB Swap: 820.0 total, 732.0 free, 88.0 used. 801.6 avail Mem
81349 81346 943 81726 1
81346 user 20 0 642408 422952 2912 R 33.3 22.7 0:09.56 mem2.bash

MiB Mem : 1817.2 total, 783.5 free, 967.8 used, 65.9 buff/cache
MiB Swap: 820.0 total, 732.0 free, 88.0 used. 733.9 avail Mem
81349 81346 943 81754 81758
81346 user 20 0 677388 457800 2912 R 33.3 24.6 0:10.33 mem2.bash

MiB Mem : 1817.2 total, 718.6 free, 1032.7 used, 65.9 buff/cache
MiB Swap: 820.0 total, 732.0 free, 88.0 used. 669.6 avail Mem
81349 81346 943 81784 81786
81346 user 20 0 709068 489480 2912 R 25.0 26.3 0:11.10 mem2.bash

MiB Mem : 1817.2 total, 656.0 free, 1095.1 used, 66.0 buff/cache
MiB Swap: 820.0 total, 732.1 free, 87.9 used. 608.0 avail Mem
81349 81346 943 81816 1
81346 user 20 0 742332 522744 2912 R 31.6 28.1 0:11.88 mem2.bash

MiB Mem : 1817.2 total, 589.1 free, 1162.1 used, 66.0 buff/cache
MiB Swap: 820.0 total, 732.1 free, 87.9 used. 540.8 avail Mem
81349 81346 943 81846 1
81346 user 20 0 776520 557064 2912 R 25.0 29.9 0:12.63 mem2.bash

MiB Mem : 1817.2 total, 520.0 free, 1231.1 used, 66.0 buff/cache
MiB Swap: 820.0 total, 732.1 free, 87.9 used. 471.5 avail Mem
81349 81346 943 81881 81876
81346 user 20 0 812028 592440 2912 R 40.0 31.8 0:13.42 mem2.bash

MiB Mem : 1817.2 total, 451.8 free, 1299.4 used, 66.0 buff/cache
MiB Swap: 820.0 total, 732.1 free, 87.9 used. 404.3 avail Mem
81349 81346 943 81906 81911
81346 user 20 0 846480 627024 2912 R 43.8 33.7 0:14.21 mem2.bash

MiB Mem : 1817.2 total, 388.6 free, 1362.5 used, 66.0 buff/cache
MiB Swap: 820.0 total, 732.1 free, 87.9 used. 340.7 avail Mem
81349 81346 943 81937 81941
81346 user 20 0 878820 659232 2912 R 36.8 35.4 0:15.01 mem2.bash

MiB Mem : 1817.2 total, 321.3 free, 1429.8 used, 66.0 buff/cache
MiB Swap: 820.0 total, 732.1 free, 87.9 used. 271.8 avail Mem
81346 81349 943 81967 81971
81346 user 20 0 913800 694344 2912 R 42.1 37.3 0:15.81 mem2.bash

MiB Mem : 1817.2 total, 257.8 free, 1493.3 used, 66.0 buff/cache
MiB Swap: 820.0 total, 732.1 free, 87.9 used. 209.5 avail Mem
81349 81346 943 81996 82001
81346 user 20 0 945216 725760 2912 R 35.0 39.0 0:16.55 mem2.bash

MiB Mem : 1817.2 total, 194.9 free, 1556.2 used, 66.0 buff/cache
MiB Swap: 820.0 total, 732.1 free, 87.9 used. 146.3 avail Mem
81346 81349 943 82031 82026
81346 user 20 0 977952 758496 2912 R 35.3 40.8 0:17.32 mem2.bash

MiB Mem : 1817.2 total, 127.9 free, 1623.3 used, 66.0 buff/cache
MiB Swap: 820.0 total, 732.1 free, 87.9 used. 79.2 avail Mem
81346 81349 943 82057 82061
81346 user 20 0 1014384 794928 2912 R 40.0 42.7 0:18.14 mem2.bash

MiB Mem : 1817.2 total, 62.7 free, 1688.5 used, 66.0 buff/cache
MiB Swap: 820.0 total, 731.3 free, 88.7 used. 21.9 avail Mem
81346 81349 943 82091 82087
81346 user 20 0 1044084 823912 2856 R 17.6 44.3 0:18.87 mem2.bash

MiB Mem : 1817.2 total, 63.0 free, 1705.8 used, 48.3 buff/cache
MiB Swap: 820.0 total, 667.6 free, 152.4 used. 26.0 avail Mem
81346 81349 943 82117 82121
81346 user 20 0 1075368 840012 2856 R 33.3 45.1 0:19.61 mem2.bash

MiB Mem : 1817.2 total, 68.5 free, 1700.0 used, 48.6 buff/cache
MiB Swap: 820.0 total, 611.7 free, 208.3 used. 20.3 avail Mem
81346 81349 943 82151 82147
81346 user 20 0 1107048 838320 2856 R 26.3 45.1 0:20.33 mem2.bash

MiB Mem : 1817.2 total, 73.1 free, 1696.2 used, 47.9 buff/cache
MiB Swap: 820.0 total, 540.2 free, 279.8 used. 21.9 avail Mem
81346 81349 943 82177 82181
81346 user 20 0 1138860 837936 2856 R 31.8 45.0 0:21.09 mem2.bash

MiB Mem : 1817.2 total, 73.4 free, 1697.7 used, 46.0 buff/cache
MiB Swap: 820.0 total, 487.4 free, 332.6 used. 14.9 avail Mem
81346 81349 943 82211 82214
81346 user 20 0 1170408 838236 2856 R 27.8 45.0 0:21.83 mem2.bash

MiB Mem : 1817.2 total, 73.8 free, 1697.0 used, 46.4 buff/cache
MiB Swap: 820.0 total, 419.1 free, 400.9 used. 22.4 avail Mem
81346 81349 943 82237 82240
81346 user 20 0 1199844 833544 2856 R 25.0 44.8 0:22.53 mem2.bash

MiB Mem : 1817.2 total, 70.8 free, 1700.5 used, 45.8 buff/cache
MiB Swap: 820.0 total, 353.6 free, 466.4 used. 22.9 avail Mem
81346 81349 943 82271 82274
81346 user 20 0 1230732 834388 2856 R 31.2 44.8 0:23.23 mem2.bash

MiB Mem : 1817.2 total, 70.5 free, 1701.9 used, 44.8 buff/cache
MiB Swap: 820.0 total, 295.8 free, 524.2 used. 20.8 avail Mem
81346 81349 943 82306 82301
81346 user 20 0 1260828 834064 2856 R 41.2 44.8 0:23.94 mem2.bash

MiB Mem : 1817.2 total, 73.7 free, 1698.3 used, 45.1 buff/cache
MiB Swap: 820.0 total, 240.3 free, 579.7 used. 18.6 avail Mem
81346 81349 943 82331 82327
81346 user 20 0 1289472 836272 2856 R 25.0 44.9 0:24.61 mem2.bash

MiB Mem : 1817.2 total, 70.1 free, 1703.3 used, 43.8 buff/cache
MiB Swap: 820.0 total, 177.1 free, 642.9 used. 21.5 avail Mem
81346 81349 943 82361 82364
81346 user 20 0 1317852 831832 2856 R 41.2 44.7 0:25.29 mem2.bash

MiB Mem : 1817.2 total, 74.0 free, 1698.1 used, 45.1 buff/cache
MiB Swap: 820.0 total, 131.2 free, 688.8 used. 16.6 avail Mem
81346 81349 943 82391 82387
81346 user 20 0 1344384 830212 2856 R 28.6 44.6 0:25.95 mem2.bash

MiB Mem : 1817.2 total, 68.5 free, 1704.6 used, 44.1 buff/cache
MiB Swap: 820.0 total, 66.0 free, 754.0 used. 20.5 avail Mem
81346 81349 943 82421 82420
81346 user 20 0 1375008 826592 2856 R 25.0 44.4 0:26.69 mem2.bash

MiB Mem : 1817.2 total, 80.5 free, 1691.8 used, 44.9 buff/cache
MiB Swap: 820.0 total, 0.0 free, 820.0 used. 13.9 avail Mem
81346 81349 943 82450 82451

[21601.398118] Out of memory: Killed process 81346 (mem2.bash) total-vm:1418964kB, anon-rss:845176kB, file-rss:0kB, shmem-rss:0kB, UID:1000 pgtables:2416kB oom_score_adj:0 [21601.515381] oom_reaper: reaped process 81346 (mem2.bash), now anon-rss:0kB, file-rss:0kB, shmem-rss:0kB
1500000
