MiB Mem : 1817.2 total, 527.2 free, 1114.8 used, 175.2 buff/cache
MiB Swap: 820.0 total, 760.7 free, 59.3 used. 560.0 avail Mem
9001 834 943 1 832
9001 user 20 0 1234428 991.4m 2996 R 73.7 54.6 2:58.47 mem.bash

MiB Mem : 1817.2 total, 518.1 free, 1123.4 used, 175.7 buff/cache
MiB Swap: 820.0 total, 760.7 free, 59.3 used. 551.5 avail Mem
9001 834 943 1 832
9001 user 20 0 1243140 999.6m 2996 R 75.0 55.0 2:59.97 mem.bash

MiB Mem : 1817.2 total, 509.7 free, 1131.8 used, 175.7 buff/cache
MiB Swap: 820.0 total, 760.7 free, 59.3 used. 543.2 avail Mem
9001 834 943 1 832
9001 user 20 0 1251720 1.0g 2996 R 81.2 55.5 3:01.48 mem.bash

MiB Mem : 1817.2 total, 501.2 free, 1140.3 used, 175.7 buff/cache
MiB Swap: 820.0 total, 760.7 free, 59.3 used. 534.6 avail Mem
9001 834 943 1 832
9001 user 20 0 1259772 1.0g 2996 R 50.0 55.9 3:02.89 mem.bash

MiB Mem : 1817.2 total, 490.3 free, 1151.2 used, 175.7 buff/cache
MiB Swap: 820.0 total, 760.7 free, 59.3 used. 523.6 avail Mem
9001 834 9326 943 1
9001 user 20 0 1268352 1.0g 2996 R 68.4 56.4 3:04.40 mem.bash

MiB Mem : 1817.2 total, 482.1 free, 1159.4 used, 175.7 buff/cache
MiB Swap: 820.0 total, 760.7 free, 59.3 used. 515.4 avail Mem
9001 834 9326 943 1
9001 user 20 0 1276800 1.0g 2996 R 81.2 56.8 3:05.88 mem.bash

MiB Mem : 1817.2 total, 476.9 free, 1164.6 used, 175.7 buff/cache
MiB Swap: 820.0 total, 760.7 free, 59.3 used. 510.1 avail Mem
9001 834 943 1 832
9001 user 20 0 1285380 1.0g 2996 R 66.7 57.3 3:07.38 mem.bash

MiB Mem : 1817.2 total, 1514.4 free, 127.1 used, 175.7 buff/cache
MiB Swap: 820.0 total, 760.7 free, 59.3 used. 1548.6 avail Mem
834 943 1 832 3527


13600000
